[debug] [2023-03-17T15:10:33.449Z] ----------------------------------------------------------------------
[debug] [2023-03-17T15:10:33.450Z] Command:       C:\Program Files\nodejs\node.exe C:\Users\a2mrk\AppData\Roaming\npm\node_modules\firebase-tools\lib\bin\firebase.js init
[debug] [2023-03-17T15:10:33.451Z] CLI Version:   11.24.1
[debug] [2023-03-17T15:10:33.451Z] Platform:      win32
[debug] [2023-03-17T15:10:33.451Z] Node Version:  v18.13.0
[debug] [2023-03-17T15:10:33.451Z] Time:          Fri Mar 17 2023 22:10:33 GMT+0700 (Indochina Time)
[debug] [2023-03-17T15:10:33.451Z] ----------------------------------------------------------------------
[debug] 
[debug] [2023-03-17T15:10:33.456Z] > command requires scopes: ["email","openid","https://www.googleapis.com/auth/cloudplatformprojects.readonly","https://www.googleapis.com/auth/firebase","https://www.googleapis.com/auth/cloud-platform"]
[debug] [2023-03-17T15:10:33.457Z] > authorizing via signed-in user (nhcminh47@gmail.com)
[info] 
     ######## #### ########  ######## ########     ###     ######  ########
     ##        ##  ##     ## ##       ##     ##  ##   ##  ##       ##
     ######    ##  ########  ######   ########  #########  ######  ######
     ##        ##  ##    ##  ##       ##     ## ##     ##       ## ##
     ##       #### ##     ## ######## ########  ##     ##  ######  ########

You're about to initialize a Firebase project in this directory:

  C:\Users\a2mrk\Documents\Repo\wedding-invitation

[info] 
=== Project Setup
[info] 
[info] First, let's associate this project directory with a Firebase project.
[info] You can create multiple project aliases by running firebase use --add, 
[info] but for now we'll just set up a default project.
[info] 
[info] i  If you want to create a project in a Google Cloud organization or folder, please use "firebase projects:create" instead, and return to this command when you've created the project. 
[debug] [2023-03-17T15:10:59.349Z] >>> [apiv2][query] POST https://cloudresourcemanager.googleapis.com/v1/projects [none]
[debug] [2023-03-17T15:10:59.350Z] >>> [apiv2][body] POST https://cloudresourcemanager.googleapis.com/v1/projects {"projectId":"my-wedding-invitation","name":"my-wedding-invitation"}
[debug] [2023-03-17T15:11:00.605Z] <<< [apiv2][status] POST https://cloudresourcemanager.googleapis.com/v1/projects 409
[debug] [2023-03-17T15:11:00.605Z] <<< [apiv2][body] POST https://cloudresourcemanager.googleapis.com/v1/projects {"error":{"code":409,"message":"Requested entity already exists","status":"ALREADY_EXISTS"}}
[debug] [2023-03-17T15:11:00.904Z] FirebaseError: HTTP Error: 409, Requested entity already exists
    at responseToError (C:\Users\a2mrk\AppData\Roaming\npm\node_modules\firebase-tools\lib\responseToError.js:49:12)
    at RetryOperation._fn (C:\Users\a2mrk\AppData\Roaming\npm\node_modules\firebase-tools\lib\apiv2.js:288:77)
    at process.processTicksAndRejections (node:internal/process/task_queues:95:5)
[error] 
[error] Error: Failed to create project because there is already a project with ID my-wedding-invitation. Please try again with a unique project ID.
[debug] [2023-03-17T15:11:09.391Z] ----------------------------------------------------------------------
[debug] [2023-03-17T15:11:09.392Z] Command:       C:\Program Files\nodejs\node.exe C:\Users\a2mrk\AppData\Roaming\npm\node_modules\firebase-tools\lib\bin\firebase.js init
[debug] [2023-03-17T15:11:09.393Z] CLI Version:   11.24.1
[debug] [2023-03-17T15:11:09.393Z] Platform:      win32
[debug] [2023-03-17T15:11:09.393Z] Node Version:  v18.13.0
[debug] [2023-03-17T15:11:09.394Z] Time:          Fri Mar 17 2023 22:11:09 GMT+0700 (Indochina Time)
[debug] [2023-03-17T15:11:09.394Z] ----------------------------------------------------------------------
[debug] 
[debug] [2023-03-17T15:11:09.398Z] > command requires scopes: ["email","openid","https://www.googleapis.com/auth/cloudplatformprojects.readonly","https://www.googleapis.com/auth/firebase","https://www.googleapis.com/auth/cloud-platform"]
[debug] [2023-03-17T15:11:09.399Z] > authorizing via signed-in user (nhcminh47@gmail.com)
[info] 
     ######## #### ########  ######## ########     ###     ######  ########
     ##        ##  ##     ## ##       ##     ##  ##   ##  ##       ##
     ######    ##  ########  ######   ########  #########  ######  ######
     ##        ##  ##    ##  ##       ##     ## ##     ##       ## ##
     ##       #### ##     ## ######## ########  ##     ##  ######  ########

You're about to initialize a Firebase project in this directory:

  C:\Users\a2mrk\Documents\Repo\wedding-invitation

[info] 
=== Project Setup
[info] 
[info] First, let's associate this project directory with a Firebase project.
[info] You can create multiple project aliases by running firebase use --add, 
[info] but for now we'll just set up a default project.
[info] 
[info] i  If you want to create a project in a Google Cloud organization or folder, please use "firebase projects:create" instead, and return to this command when you've created the project. 
[debug] [2023-03-17T15:11:54.776Z] >>> [apiv2][query] POST https://cloudresourcemanager.googleapis.com/v1/projects [none]
[debug] [2023-03-17T15:11:54.776Z] >>> [apiv2][body] POST https://cloudresourcemanager.googleapis.com/v1/projects {"projectId":"phuonganh-congminh","name":"phuonganh-congminh"}
[debug] [2023-03-17T15:11:56.376Z] <<< [apiv2][status] POST https://cloudresourcemanager.googleapis.com/v1/projects 200
[debug] [2023-03-17T15:11:56.376Z] <<< [apiv2][body] POST https://cloudresourcemanager.googleapis.com/v1/projects {"name":"operations/cp.4616761779414907544"}
[debug] [2023-03-17T15:11:56.376Z] >>> [apiv2][query] GET https://cloudresourcemanager.googleapis.com/v1/operations/cp.4616761779414907544 [none]
[debug] [2023-03-17T15:11:57.731Z] <<< [apiv2][status] GET https://cloudresourcemanager.googleapis.com/v1/operations/cp.4616761779414907544 200
[debug] [2023-03-17T15:11:57.731Z] <<< [apiv2][body] GET https://cloudresourcemanager.googleapis.com/v1/operations/cp.4616761779414907544 {"name":"operations/cp.4616761779414907544"}
[debug] [2023-03-17T15:11:58.233Z] [Project Creation Poller] Retrying task index 0
[debug] [2023-03-17T15:11:58.233Z] >>> [apiv2][query] GET https://cloudresourcemanager.googleapis.com/v1/operations/cp.4616761779414907544 [none]
[debug] [2023-03-17T15:11:59.605Z] <<< [apiv2][status] GET https://cloudresourcemanager.googleapis.com/v1/operations/cp.4616761779414907544 200
[debug] [2023-03-17T15:11:59.605Z] <<< [apiv2][body] GET https://cloudresourcemanager.googleapis.com/v1/operations/cp.4616761779414907544 {"name":"operations/cp.4616761779414907544"}
[debug] [2023-03-17T15:12:00.605Z] [Project Creation Poller] Retrying task index 0
[debug] [2023-03-17T15:12:00.605Z] >>> [apiv2][query] GET https://cloudresourcemanager.googleapis.com/v1/operations/cp.4616761779414907544 [none]
[debug] [2023-03-17T15:12:01.882Z] <<< [apiv2][status] GET https://cloudresourcemanager.googleapis.com/v1/operations/cp.4616761779414907544 200
[debug] [2023-03-17T15:12:01.882Z] <<< [apiv2][body] GET https://cloudresourcemanager.googleapis.com/v1/operations/cp.4616761779414907544 {"name":"operations/cp.4616761779414907544"}
[debug] [2023-03-17T15:12:03.884Z] [Project Creation Poller] Retrying task index 0
[debug] [2023-03-17T15:12:03.884Z] >>> [apiv2][query] GET https://cloudresourcemanager.googleapis.com/v1/operations/cp.4616761779414907544 [none]
[debug] [2023-03-17T15:12:05.178Z] <<< [apiv2][status] GET https://cloudresourcemanager.googleapis.com/v1/operations/cp.4616761779414907544 200
[debug] [2023-03-17T15:12:05.178Z] <<< [apiv2][body] GET https://cloudresourcemanager.googleapis.com/v1/operations/cp.4616761779414907544 {"name":"operations/cp.4616761779414907544"}
[debug] [2023-03-17T15:12:09.179Z] [Project Creation Poller] Retrying task index 0
[debug] [2023-03-17T15:12:09.179Z] >>> [apiv2][query] GET https://cloudresourcemanager.googleapis.com/v1/operations/cp.4616761779414907544 [none]
[debug] [2023-03-17T15:12:10.478Z] <<< [apiv2][status] GET https://cloudresourcemanager.googleapis.com/v1/operations/cp.4616761779414907544 200
[debug] [2023-03-17T15:12:10.478Z] <<< [apiv2][body] GET https://cloudresourcemanager.googleapis.com/v1/operations/cp.4616761779414907544 {"name":"operations/cp.4616761779414907544"}
[debug] [2023-03-17T15:12:18.479Z] [Project Creation Poller] Retrying task index 0
[debug] [2023-03-17T15:12:18.479Z] >>> [apiv2][query] GET https://cloudresourcemanager.googleapis.com/v1/operations/cp.4616761779414907544 [none]
[debug] [2023-03-17T15:12:19.745Z] <<< [apiv2][status] GET https://cloudresourcemanager.googleapis.com/v1/operations/cp.4616761779414907544 200
[debug] [2023-03-17T15:12:19.745Z] <<< [apiv2][body] GET https://cloudresourcemanager.googleapis.com/v1/operations/cp.4616761779414907544 {"name":"operations/cp.4616761779414907544"}
[debug] Task index 0 failed: timed out after 30000ms.
[debug] [2023-03-17T15:12:26.686Z] FirebaseError: Task index 0 failed: timed out after 30000ms.
    at Timeout.<anonymous> (C:\Users\a2mrk\AppData\Roaming\npm\node_modules\firebase-tools\lib\throttler\throttler.js:171:24)
    at listOnTimeout (node:internal/timers:564:17)
    at process.processTimers (node:internal/timers:507:7)
[error] 
[error] Error: Failed to create project. See firebase-debug.log for more info.
[debug] [2023-03-17T15:13:30.556Z] ----------------------------------------------------------------------
[debug] [2023-03-17T15:13:30.558Z] Command:       C:\Program Files\nodejs\node.exe C:\Users\a2mrk\AppData\Roaming\npm\node_modules\firebase-tools\lib\bin\firebase.js init
[debug] [2023-03-17T15:13:30.558Z] CLI Version:   11.24.1
[debug] [2023-03-17T15:13:30.558Z] Platform:      win32
[debug] [2023-03-17T15:13:30.558Z] Node Version:  v18.13.0
[debug] [2023-03-17T15:13:30.559Z] Time:          Fri Mar 17 2023 22:13:30 GMT+0700 (Indochina Time)
[debug] [2023-03-17T15:13:30.559Z] ----------------------------------------------------------------------
[debug] 
[debug] [2023-03-17T15:13:30.563Z] > command requires scopes: ["email","openid","https://www.googleapis.com/auth/cloudplatformprojects.readonly","https://www.googleapis.com/auth/firebase","https://www.googleapis.com/auth/cloud-platform"]
[debug] [2023-03-17T15:13:30.564Z] > authorizing via signed-in user (nhcminh47@gmail.com)
[info] 
     ######## #### ########  ######## ########     ###     ######  ########
     ##        ##  ##     ## ##       ##     ##  ##   ##  ##       ##
     ######    ##  ########  ######   ########  #########  ######  ######
     ##        ##  ##    ##  ##       ##     ## ##     ##       ## ##
     ##       #### ##     ## ######## ########  ##     ##  ######  ########

You're about to initialize a Firebase project in this directory:

  C:\Users\a2mrk\Documents\Repo\wedding-invitation

[info] 
=== Project Setup
[info] 
[info] First, let's associate this project directory with a Firebase project.
[info] You can create multiple project aliases by running firebase use --add, 
[info] but for now we'll just set up a default project.
[info] 
[info] i  If you want to create a project in a Google Cloud organization or folder, please use "firebase projects:create" instead, and return to this command when you've created the project. 
[debug] [2023-03-17T15:13:47.768Z] >>> [apiv2][query] POST https://cloudresourcemanager.googleapis.com/v1/projects [none]
[debug] [2023-03-17T15:13:47.768Z] >>> [apiv2][body] POST https://cloudresourcemanager.googleapis.com/v1/projects {"projectId":"congminh-phuonganh","name":"congminh-phuonganh"}
[debug] [2023-03-17T15:13:49.461Z] <<< [apiv2][status] POST https://cloudresourcemanager.googleapis.com/v1/projects 200
[debug] [2023-03-17T15:13:49.461Z] <<< [apiv2][body] POST https://cloudresourcemanager.googleapis.com/v1/projects {"name":"operations/cp.8919430986254903425"}
[debug] [2023-03-17T15:13:49.462Z] >>> [apiv2][query] GET https://cloudresourcemanager.googleapis.com/v1/operations/cp.8919430986254903425 [none]
[debug] [2023-03-17T15:13:50.765Z] <<< [apiv2][status] GET https://cloudresourcemanager.googleapis.com/v1/operations/cp.8919430986254903425 200
[debug] [2023-03-17T15:13:50.765Z] <<< [apiv2][body] GET https://cloudresourcemanager.googleapis.com/v1/operations/cp.8919430986254903425 {"name":"operations/cp.8919430986254903425"}
[debug] [2023-03-17T15:13:51.266Z] [Project Creation Poller] Retrying task index 0
[debug] [2023-03-17T15:13:51.266Z] >>> [apiv2][query] GET https://cloudresourcemanager.googleapis.com/v1/operations/cp.8919430986254903425 [none]
[debug] [2023-03-17T15:13:52.639Z] <<< [apiv2][status] GET https://cloudresourcemanager.googleapis.com/v1/operations/cp.8919430986254903425 200
[debug] [2023-03-17T15:13:52.639Z] <<< [apiv2][body] GET https://cloudresourcemanager.googleapis.com/v1/operations/cp.8919430986254903425 {"name":"operations/cp.8919430986254903425"}
[debug] [2023-03-17T15:13:53.639Z] [Project Creation Poller] Retrying task index 0
[debug] [2023-03-17T15:13:53.640Z] >>> [apiv2][query] GET https://cloudresourcemanager.googleapis.com/v1/operations/cp.8919430986254903425 [none]
[debug] [2023-03-17T15:13:54.937Z] <<< [apiv2][status] GET https://cloudresourcemanager.googleapis.com/v1/operations/cp.8919430986254903425 200
[debug] [2023-03-17T15:13:54.937Z] <<< [apiv2][body] GET https://cloudresourcemanager.googleapis.com/v1/operations/cp.8919430986254903425 {"name":"operations/cp.8919430986254903425"}
[debug] [2023-03-17T15:13:56.939Z] [Project Creation Poller] Retrying task index 0
[debug] [2023-03-17T15:13:56.939Z] >>> [apiv2][query] GET https://cloudresourcemanager.googleapis.com/v1/operations/cp.8919430986254903425 [none]
[debug] [2023-03-17T15:13:58.305Z] <<< [apiv2][status] GET https://cloudresourcemanager.googleapis.com/v1/operations/cp.8919430986254903425 200
[debug] [2023-03-17T15:13:58.305Z] <<< [apiv2][body] GET https://cloudresourcemanager.googleapis.com/v1/operations/cp.8919430986254903425 {"name":"operations/cp.8919430986254903425"}
[debug] [2023-03-17T15:14:02.306Z] [Project Creation Poller] Retrying task index 0
[debug] [2023-03-17T15:14:02.306Z] >>> [apiv2][query] GET https://cloudresourcemanager.googleapis.com/v1/operations/cp.8919430986254903425 [none]
[debug] [2023-03-17T15:14:03.716Z] <<< [apiv2][status] GET https://cloudresourcemanager.googleapis.com/v1/operations/cp.8919430986254903425 200
[debug] [2023-03-17T15:14:03.716Z] <<< [apiv2][body] GET https://cloudresourcemanager.googleapis.com/v1/operations/cp.8919430986254903425 {"name":"operations/cp.8919430986254903425"}
[debug] [2023-03-17T15:14:11.717Z] [Project Creation Poller] Retrying task index 0
[debug] [2023-03-17T15:14:11.718Z] >>> [apiv2][query] GET https://cloudresourcemanager.googleapis.com/v1/operations/cp.8919430986254903425 [none]
[debug] [2023-03-17T15:14:13.095Z] <<< [apiv2][status] GET https://cloudresourcemanager.googleapis.com/v1/operations/cp.8919430986254903425 200
[debug] [2023-03-17T15:14:13.095Z] <<< [apiv2][body] GET https://cloudresourcemanager.googleapis.com/v1/operations/cp.8919430986254903425 {"name":"operations/cp.8919430986254903425"}
[debug] Task index 0 failed: timed out after 30000ms.
[debug] [2023-03-17T15:14:19.753Z] FirebaseError: Task index 0 failed: timed out after 30000ms.
    at Timeout.<anonymous> (C:\Users\a2mrk\AppData\Roaming\npm\node_modules\firebase-tools\lib\throttler\throttler.js:171:24)
    at listOnTimeout (node:internal/timers:564:17)
    at process.processTimers (node:internal/timers:507:7)
[error] 
[error] Error: Failed to create project. See firebase-debug.log for more info.
[debug] [2023-03-17T15:15:19.686Z] ----------------------------------------------------------------------
[debug] [2023-03-17T15:15:19.688Z] Command:       C:\Program Files\nodejs\node.exe C:\Users\a2mrk\AppData\Roaming\npm\node_modules\firebase-tools\lib\bin\firebase.js projects:create
[debug] [2023-03-17T15:15:19.688Z] CLI Version:   11.24.1
[debug] [2023-03-17T15:15:19.688Z] Platform:      win32
[debug] [2023-03-17T15:15:19.688Z] Node Version:  v18.13.0
[debug] [2023-03-17T15:15:19.689Z] Time:          Fri Mar 17 2023 22:15:19 GMT+0700 (Indochina Time)
[debug] [2023-03-17T15:15:19.689Z] ----------------------------------------------------------------------
[debug] 
[debug] [2023-03-17T15:15:19.694Z] > command requires scopes: ["email","openid","https://www.googleapis.com/auth/cloudplatformprojects.readonly","https://www.googleapis.com/auth/firebase","https://www.googleapis.com/auth/cloud-platform"]
[debug] [2023-03-17T15:15:19.695Z] > authorizing via signed-in user (nhcminh47@gmail.com)
[debug] [2023-03-17T15:15:29.488Z] >>> [apiv2][query] POST https://cloudresourcemanager.googleapis.com/v1/projects [none]
[debug] [2023-03-17T15:15:29.489Z] >>> [apiv2][body] POST https://cloudresourcemanager.googleapis.com/v1/projects {"projectId":"congminh-phuonganh","name":"congminh-phuonganh"}
[debug] [2023-03-17T15:15:30.798Z] <<< [apiv2][status] POST https://cloudresourcemanager.googleapis.com/v1/projects 409
[debug] [2023-03-17T15:15:30.798Z] <<< [apiv2][body] POST https://cloudresourcemanager.googleapis.com/v1/projects {"error":{"code":409,"message":"Requested entity already exists","status":"ALREADY_EXISTS"}}
[debug] [2023-03-17T15:15:31.138Z] FirebaseError: HTTP Error: 409, Requested entity already exists
    at responseToError (C:\Users\a2mrk\AppData\Roaming\npm\node_modules\firebase-tools\lib\responseToError.js:49:12)
    at RetryOperation._fn (C:\Users\a2mrk\AppData\Roaming\npm\node_modules\firebase-tools\lib\apiv2.js:288:77)
    at process.processTicksAndRejections (node:internal/process/task_queues:95:5)
[error] 
[error] Error: Failed to create project because there is already a project with ID congminh-phuonganh. Please try again with a unique project ID.
[debug] [2023-03-17T15:16:22.984Z] ----------------------------------------------------------------------
[debug] [2023-03-17T15:16:22.985Z] Command:       C:\Program Files\nodejs\node.exe C:\Users\a2mrk\AppData\Roaming\npm\node_modules\firebase-tools\lib\bin\firebase.js init
[debug] [2023-03-17T15:16:22.985Z] CLI Version:   11.24.1
[debug] [2023-03-17T15:16:22.986Z] Platform:      win32
[debug] [2023-03-17T15:16:22.986Z] Node Version:  v18.13.0
[debug] [2023-03-17T15:16:22.986Z] Time:          Fri Mar 17 2023 22:16:22 GMT+0700 (Indochina Time)
[debug] [2023-03-17T15:16:22.986Z] ----------------------------------------------------------------------
[debug] 
[debug] [2023-03-17T15:16:22.991Z] > command requires scopes: ["email","openid","https://www.googleapis.com/auth/cloudplatformprojects.readonly","https://www.googleapis.com/auth/firebase","https://www.googleapis.com/auth/cloud-platform"]
[debug] [2023-03-17T15:16:22.992Z] > authorizing via signed-in user (nhcminh47@gmail.com)
[info] 
     ######## #### ########  ######## ########     ###     ######  ########
     ##        ##  ##     ## ##       ##     ##  ##   ##  ##       ##
     ######    ##  ########  ######   ########  #########  ######  ######
     ##        ##  ##    ##  ##       ##     ## ##     ##       ## ##
     ##       #### ##     ## ######## ########  ##     ##  ######  ########

You're about to initialize a Firebase project in this directory:

  C:\Users\a2mrk\Documents\Repo\wedding-invitation

[info] 
=== Project Setup
[info] 
[info] First, let's associate this project directory with a Firebase project.
[info] You can create multiple project aliases by running firebase use --add, 
[info] but for now we'll just set up a default project.
[info] 
[debug] [2023-03-17T15:16:31.607Z] >>> [apiv2][query] GET https://firebase.googleapis.com/v1beta1/projects pageSize=100
[debug] [2023-03-17T15:16:32.408Z] <<< [apiv2][status] GET https://firebase.googleapis.com/v1beta1/projects 200
[debug] [2023-03-17T15:16:32.408Z] <<< [apiv2][body] GET https://firebase.googleapis.com/v1beta1/projects [omitted]
[debug] [2023-03-17T15:16:49.793Z] ----------------------------------------------------------------------
[debug] [2023-03-17T15:16:49.794Z] Command:       C:\Program Files\nodejs\node.exe C:\Users\a2mrk\AppData\Roaming\npm\node_modules\firebase-tools\lib\bin\firebase.js init
[debug] [2023-03-17T15:16:49.795Z] CLI Version:   11.24.1
[debug] [2023-03-17T15:16:49.795Z] Platform:      win32
[debug] [2023-03-17T15:16:49.795Z] Node Version:  v18.13.0
[debug] [2023-03-17T15:16:49.795Z] Time:          Fri Mar 17 2023 22:16:49 GMT+0700 (Indochina Time)
[debug] [2023-03-17T15:16:49.796Z] ----------------------------------------------------------------------
[debug] 
[debug] [2023-03-17T15:16:49.801Z] > command requires scopes: ["email","openid","https://www.googleapis.com/auth/cloudplatformprojects.readonly","https://www.googleapis.com/auth/firebase","https://www.googleapis.com/auth/cloud-platform"]
[debug] [2023-03-17T15:16:49.801Z] > authorizing via signed-in user (nhcminh47@gmail.com)
[info] 
     ######## #### ########  ######## ########     ###     ######  ########
     ##        ##  ##     ## ##       ##     ##  ##   ##  ##       ##
     ######    ##  ########  ######   ########  #########  ######  ######
     ##        ##  ##    ##  ##       ##     ## ##     ##       ## ##
     ##       #### ##     ## ######## ########  ##     ##  ######  ########

You're about to initialize a Firebase project in this directory:

  C:\Users\a2mrk\Documents\Repo\wedding-invitation

[info] 
=== Project Setup
[info] 
[info] First, let's associate this project directory with a Firebase project.
[info] You can create multiple project aliases by running firebase use --add, 
[info] but for now we'll just set up a default project.
[info] 
[debug] [2023-03-17T15:16:55.540Z] >>> [apiv2][query] GET https://firebase.googleapis.com/v1beta1/projects pageSize=100
[debug] [2023-03-17T15:16:56.459Z] <<< [apiv2][status] GET https://firebase.googleapis.com/v1beta1/projects 200
[debug] [2023-03-17T15:16:56.459Z] <<< [apiv2][body] GET https://firebase.googleapis.com/v1beta1/projects [omitted]
[info] i  Using project congminh-phuonganh (congminh-phuonganh) 
[info] 
=== Hosting Setup
[info] 
[info] Your public directory is the folder (relative to your project directory) that
[info] will contain Hosting assets to be uploaded with firebase deploy. If you
[info] have a build process for your assets, use your build's output directory.
[info] 
